10:46 INFO  project.CoSP.CoSpApplication - Starting CoSpApplication using Java 17.0.7 with PID 15135 (/home/tuan/Documents/Project Final/CoSP/build/classes/java/main started by tuan in /home/tuan/Documents/Project Final/CoSP)
10:46 INFO  project.CoSP.CoSpApplication - No active profile set, falling back to 1 default profile: "default"
10:46 INFO  o.s.d.r.c.RepositoryConfigurationDelegate - Bootstrapping Spring Data JPA repositories in DEFAULT mode.
10:46 INFO  o.s.d.r.c.RepositoryConfigurationDelegate - Finished Spring Data repository scanning in 67 ms. Found 1 JPA repository interfaces.
10:46 INFO  o.s.b.w.e.tomcat.TomcatWebServer - Tomcat initialized with port(s): 8889 (http)
10:46 INFO  o.a.catalina.core.StandardService - Starting service [Tomcat]
10:46 INFO  o.a.catalina.core.StandardEngine - Starting Servlet engine: [Apache Tomcat/10.1.11]
10:46 INFO  o.a.c.c.C.[Tomcat].[localhost].[/] - Initializing Spring embedded WebApplicationContext
10:46 INFO  o.s.b.w.s.c.ServletWebServerApplicationContext - Root WebApplicationContext: initialization completed in 2447 ms
10:46 INFO  com.zaxxer.hikari.HikariDataSource - HikariPool-1 - Starting...
10:46 INFO  com.zaxxer.hikari.pool.HikariPool - HikariPool-1 - Added connection conn0: url=jdbc:h2:mem:testdb user=SA
10:46 INFO  com.zaxxer.hikari.HikariDataSource - HikariPool-1 - Start completed.
10:46 INFO  o.s.b.a.h.H2ConsoleAutoConfiguration - H2 console available at '/h2'. Database available at 'jdbc:h2:mem:testdb'
10:46 INFO  o.h.jpa.internal.util.LogHelper - HHH000204: Processing PersistenceUnitInfo [name: default]
10:46 INFO  org.hibernate.Version - HHH000412: Hibernate ORM core version 6.2.6.Final
10:46 INFO  org.hibernate.cfg.Environment - HHH000406: Using bytecode reflection optimizer
10:46 INFO  o.h.b.i.BytecodeProviderInitiator - HHH000021: Bytecode provider name : bytebuddy
10:46 INFO  o.s.o.j.p.SpringPersistenceUnitInfo - No LoadTimeWeaver setup: ignoring JPA class transformer
10:46 INFO  o.h.b.i.BytecodeProviderInitiator - HHH000021: Bytecode provider name : bytebuddy
10:46 INFO  o.h.e.t.j.p.i.JtaPlatformInitiator - HHH000490: Using JtaPlatform implementation: [org.hibernate.engine.transaction.jta.platform.internal.NoJtaPlatform]
10:46 INFO  o.s.o.j.LocalContainerEntityManagerFactoryBean - Initialized JPA EntityManagerFactory for persistence unit 'default'
10:46 WARN  o.s.b.a.o.j.JpaBaseConfiguration$JpaWebConfiguration - spring.jpa.open-in-view is enabled by default. Therefore, database queries may be performed during view rendering. Explicitly configure spring.jpa.open-in-view to disable this warning
10:46 INFO  o.s.b.a.e.web.EndpointLinksResolver - Exposing 15 endpoint(s) beneath base path '/actuator'
10:47 INFO  o.s.b.w.e.tomcat.TomcatWebServer - Tomcat started on port(s): 8889 (http) with context path ''
10:47 INFO  project.CoSP.CoSpApplication - Started CoSpApplication in 7.284 seconds (process running for 7.91)
10:47 INFO  o.a.c.c.C.[Tomcat].[localhost].[/] - Initializing Spring DispatcherServlet 'dispatcherServlet'
10:47 INFO  o.s.web.servlet.DispatcherServlet - Initializing Servlet 'dispatcherServlet'
10:47 INFO  o.s.web.servlet.DispatcherServlet - Completed initialization in 1 ms
10:47 INFO  p.CoSP.Controller.apiController - Post at /api/code/new
10:48 INFO  p.CoSP.Controller.webController - Get at /code/{id}
10:48 INFO  p.CoSP.Controller.webController - GET at /code/new
10:48 INFO  p.CoSP.Controller.webController - GET at /code/latest
10:48 INFO  p.CoSP.Controller.apiController - Get at /api/code/latest
10:48 INFO  p.CoSP.Controller.apiController - Post at /api/code/new
10:48 INFO  p.CoSP.Controller.webController - Get at /code/{id}
10:48 INFO  p.CoSP.Controller.webController - Get at /code/{id}
10:48 INFO  p.CoSP.Controller.webController - Get at /code/{id}
10:48 INFO  p.CoSP.Controller.webController - Get at /code/{id}
10:48 INFO  p.CoSP.Controller.webController - Get at /code/{id}
10:48 INFO  p.CoSP.Controller.webController - GET at /code/latest
12:09 INFO  o.s.o.j.LocalContainerEntityManagerFactoryBean - Closing JPA EntityManagerFactory for persistence unit 'default'
12:09 INFO  com.zaxxer.hikari.HikariDataSource - HikariPool-1 - Shutdown initiated...
12:09 INFO  com.zaxxer.hikari.HikariDataSource - HikariPool-1 - Shutdown completed.
